--
{'bins': 16, 'cliffs': 0.147, 'd': 0.35, 'file': '../etc/data/auto93.csv', 'Far': 0.95, 'go': 'all', 'help': False, 'Halves': 512, 'min': 0.5, 'Max': 512, 'p': 2, 'rest': 4, 'Reuse': True, 'seed': 937162211}
✅ pass: the
--
✅ pass: rand
--
{}
✅ pass: some
--
1 0.5 0.3
2 0.3 0.3
✅ pass: nums
--
a 1.379
✅ pass: sym
--
✅ pass: csv
--
68 455 193.42587939698493 104.269838171196
{'Lbs-': 2970.42, 'Acc+': 15.57, 'Mpg+': 23.84}
✅ pass: data
--
{'Lbs-': 2970.42, 'Acc+': 15.57, 'Mpg+': 23.84}
{'Lbs-': 2970.42, 'Acc+': 15.57, 'Mpg+': 23.84}
✅ pass: clone
--
> 1.0 False
> 1.025 False
> 1.051 False
> 1.077 False
> 1.104 False
> 1.131 False
> 1.16 False
> 1.189 False
> 1.218 True
✅ pass: cliffs
--
lo: 0.0 hi: 0.9022161422721422 mid:  0.52 div: 0.26
✅ pass: dist
--
199 199
l {'Lbs-': 3593.09, 'Acc+': 14.71, 'Mpg+': 18.14}
r {'Lbs-': 2347.76, 'Acc+': 16.43, 'Mpg+': 29.55}
✅ pass: half
--
[398]  {'Lbs-': 2970.4, 'Acc+': 15.6, 'Mpg+': 23.8}
|.. [199]
|.. |.. [99]
|.. |.. |.. [49]
|.. |.. |.. |.. [24]  {'Lbs-': 4376.0, 'Acc+': 12.9, 'Mpg+': 12.5}
|.. |.. |.. |.. [25]  {'Lbs-': 3833.2, 'Acc+': 15.0, 'Mpg+': 17.2}
|.. |.. |.. [50]
|.. |.. |.. |.. [25]  {'Lbs-': 3481.2, 'Acc+': 16.8, 'Mpg+': 20.0}
|.. |.. |.. |.. [25]  {'Lbs-': 3675.4, 'Acc+': 15.2, 'Mpg+': 20.4}
|.. |.. [100]
|.. |.. |.. [50]
|.. |.. |.. |.. [25]  {'Lbs-': 2953.2, 'Acc+': 15.4, 'Mpg+': 20.4}
|.. |.. |.. |.. [25]  {'Lbs-': 3036.6, 'Acc+': 15.3, 'Mpg+': 20.0}
|.. |.. |.. [50]
|.. |.. |.. |.. [25]  {'Lbs-': 3729.4, 'Acc+': 14.2, 'Mpg+': 16.8}
|.. |.. |.. |.. [25]  {'Lbs-': 3691.0, 'Acc+': 12.8, 'Mpg+': 17.6}
|.. [199]
|.. |.. [99]
|.. |.. |.. [49]
|.. |.. |.. |.. [24]  {'Lbs-': 2040.7, 'Acc+': 16.9, 'Mpg+': 30.0}
|.. |.. |.. |.. [25]  {'Lbs-': 2687.5, 'Acc+': 15.7, 'Mpg+': 23.2}
|.. |.. |.. [50]
|.. |.. |.. |.. [25]  {'Lbs-': 2514.7, 'Acc+': 17.3, 'Mpg+': 31.6}
|.. |.. |.. |.. [25]  {'Lbs-': 2583.6, 'Acc+': 17.0, 'Mpg+': 31.2}
|.. |.. [100]
|.. |.. |.. [50]
|.. |.. |.. |.. [25]  {'Lbs-': 2217.2, 'Acc+': 16.5, 'Mpg+': 28.0}
|.. |.. |.. |.. [25]  {'Lbs-': 2212.4, 'Acc+': 16.4, 'Mpg+': 33.6}
|.. |.. |.. [50]
|.. |.. |.. |.. [25]  {'Lbs-': 2145.3, 'Acc+': 16.6, 'Mpg+': 26.8}
|.. |.. |.. |.. [25]  {'Lbs-': 2368.4, 'Acc+': 15.1, 'Mpg+': 32.0}
✅ pass: tree
--

all  {'Lbs-': 2970.42, 'Acc+': 15.57, 'Mpg+': 23.84}
     {'Lbs-': 846.84, 'Acc+': 2.76, 'Mpg+': 8.34}

best {'Lbs-': 2064.62, 'Acc+': 15.41, 'Mpg+': 28.46}
     {'Lbs-': 215.43, 'Acc+': 2.47, 'Mpg+': 3.76}

rest {'Lbs-': 3041.08, 'Acc+': 15.9, 'Mpg+': 24.23}
     {'Lbs-': 850.28, 'Acc+': 2.82, 'Mpg+': 8.48}
✅ pass: sway
--
all    {'best': 12, 'rest': 48}

Clndrs -inf 4 0.615 {'best': 12, 'rest': 30}
Clndrs 4 inf 0.0 {'rest': 3}

Volume -inf 140 0.074 {'rest': 10, 'best': 2}
Volume 140 inf 0.0 {'rest': 5}

Model -inf 77 0.103 {'rest': 5, 'best': 2}
Model 77 inf 0.0 {'rest': 4}

origin 1 1 0.374 {'best': 8, 'rest': 25}
origin 2 2 0.198 {'best': 4, 'rest': 11}
origin 3 3 0.0 {'rest': 12}
✅ pass: bins
--

Clndrs -inf 4
Clndrs 4 inf

Volume -inf 107
Volume 107 inf

Model -inf inf

origin 1 1
origin 2 2
origin 3 3

Clndrs 4 inf 0.0 {'rest': 17}
Volume 107 inf 0.0 {'rest': 14}
origin 3 3 0.0 {'rest': 4}
Model -inf inf 0.03 {'rest': 7, 'best': 1}
Volume -inf 107 0.048 {'rest': 3, 'best': 1}
origin 2 2 0.232 {'best': 4, 'rest': 7}
origin 1 1 0.309 {'best': 8, 'rest': 37}
Clndrs -inf 4 0.716 {'best': 12, 'rest': 19}

{'origin': [2]}
{'origin': [1, 2]}
{'origin': [1, 2], 'Clndrs': [[-inf, 4]]}

-----------
explain= {'origin': [2]}
all                {'Lbs-': 2970.42, 'Acc+': 15.57, 'Mpg+': 23.84} {'Lbs-': 846.84, 'Acc+': 2.76, 'Mpg+': 8.34}
sway with 6 evals {'Lbs-': 2148.67, 'Acc+': 15.59, 'Mpg+': 33.33} {'Lbs-': 130.32, 'Acc+': 1.92, 'Mpg+': 4.92}
xpln on 6 evals {'Lbs-': 2423.3, 'Acc+': 16.79, 'Mpg+': 28.57} {'Lbs-': 490.04, 'Acc+': 3.05, 'Mpg+': 6.66}
sort with 398 evals {'Lbs-': 4674.33, 'Acc+': 12.71, 'Mpg+': 10.0} {'Lbs-': 299.42, 'Acc+': 2.05, 'Mpg+': 0.0}
✅ pass: expln
🔆 {'pass': 15, 'fail': 0, 'success': 100.0}
